\BOOKMARK [0][-]{chapter.1}{\376\377\004\047\004\102\004\076\000\040\004\102\004\060\004\072\004\076\004\065\000\040\004\100\004\076\004\061\004\076\004\102}{}% 1
\BOOKMARK [0][-]{chapter.2}{\376\377\004\027\004\075\004\060\004\072\004\076\004\074\004\101\004\102\004\062\004\076\000\040\004\101\000\040\000L\000e\000g\000o\000\040\000M\000i\000n\000d\000s\000t\000o\000r\000m\000s\000\040\000N\000X\000T\000\040\0002\000.\0000}{}% 2
\BOOKMARK [0][-]{chapter.3}{\376\377\004\027\004\075\004\060\004\072\004\076\004\074\004\101\004\102\004\062\004\076\000\040\004\101\000\040\000L\000e\000g\000o\000\040\000D\000i\000g\000i\000t\000a\000l\000\040\000D\000e\000s\000i\000g\000n\000e\000r}{}% 3
\BOOKMARK [0][-]{chapter.4}{\376\377\004\037\004\100\004\076\004\101\004\102\004\065\004\071\004\110\004\060\004\117\000\040\004\102\004\100\004\065\004\105\004\072\004\076\004\073\004\065\004\101\004\075\004\060\004\117\000\040\004\102\004\065\004\073\004\065\004\066\004\072\004\060}{}% 4
\BOOKMARK [0][-]{chapter.5}{\376\377\004\024\004\062\004\070\004\066\004\065\004\075\004\070\004\065\000\040\004\077\004\076\000\040\004\076\004\072\004\100\004\103\004\066\004\075\004\076\004\101\004\102\004\070\000.\000\040\004\037\004\065\004\100\004\065\004\064\004\060\004\107\004\070\000.}{}% 5
\BOOKMARK [0][-]{chapter.6}{\376\377\004\037\004\065\004\100\004\065\004\064\004\060\004\102\004\076\004\107\004\075\004\076\004\065\000\040\004\101\004\076\004\076\004\102\004\075\004\076\004\110\004\065\004\075\004\070\004\065}{}% 6
\BOOKMARK [0][-]{chapter.7}{\376\377\004\036\004\101\004\075\004\076\004\062\004\075\004\113\004\065\000\040\004\074\004\076\004\074\004\065\004\075\004\102\004\113\000\040\004\103\004\101\004\102\004\100\004\076\004\071\004\101\004\102\004\062\004\060\000\040\004\060\004\062\004\102\004\076\004\074\004\076\004\061\004\070\004\073\004\117}{}% 7
\BOOKMARK [0][-]{chapter.8}{\376\377\004\041\004\076\004\100\004\065\004\062\004\075\004\076\004\062\004\060\004\075\004\070\004\117\000\040\000\253\004\041\004\103\004\074\004\076\000\273}{}% 8
\BOOKMARK [0][-]{chapter.9}{\376\377\004\041\004\076\004\100\004\065\004\062\004\075\004\076\004\062\004\060\004\075\004\070\004\117\000\040\000\253\004\023\004\076\004\075\004\072\004\070\000\273\000,\000\040\000R\000o\000b\000o\000t\000C}{}% 9
\BOOKMARK [0][-]{chapter.10}{\376\377\004\024\004\062\004\070\004\066\004\065\004\075\004\070\004\065\000\040\004\077\004\076\000\040\004\077\004\100\004\117\004\074\004\076\004\071}{}% 10
\BOOKMARK [0][-]{chapter.11}{\376\377\004\040\004\060\004\061\004\076\004\102\004\060\000\040\004\101\000\040\000H\000e\000l\000p}{}% 11
\BOOKMARK [0][-]{chapter.12}{\376\377\004\024\004\062\004\070\004\066\004\065\004\075\004\070\004\065\000\040\004\077\004\076\000\040\004\064\004\103\004\063\004\065}{}% 12
\BOOKMARK [0][-]{chapter.13}{\376\377\004\024\004\062\004\070\004\066\004\065\004\075\004\070\004\065\000\040\004\067\004\074\004\065\004\071\004\072\004\076\004\071}{}% 13
\BOOKMARK [0][-]{chapter.14}{\376\377\004\041\004\065\004\075\004\101\004\076\004\100\004\113}{}% 14
\BOOKMARK [0][-]{chapter.15}{\376\377\004\040\004\065\004\073\004\065\004\071\004\075\004\113\004\071\000\040\004\100\004\065\004\063\004\103\004\073\004\117\004\102\004\076\004\100}{}% 15
\BOOKMARK [0][-]{chapter.16}{\376\377\004\037\004\100\004\076\004\077\004\076\004\100\004\106\004\070\004\076\004\075\004\060\004\073\004\114\004\075\004\113\004\071\000\040\004\100\004\065\004\063\004\103\004\073\004\117\004\102\004\076\004\100}{}% 16
\BOOKMARK [0][-]{chapter.17}{\376\377\004\041\004\076\004\100\004\065\004\062\004\075\004\076\004\062\004\060\004\075\004\070\004\117\000\040\000\253\004\033\004\070\004\075\004\070\004\117\000-\0002\000\273}{}% 17
\BOOKMARK [0][-]{chapter.18}{\376\377\004\041\004\065\004\075\004\101\004\076\004\100\004\113\000\040\004\070\000\040\004\100\004\065\004\063\004\103\004\073\004\117\004\102\004\076\004\100\004\113}{}% 18
\BOOKMARK [0][-]{chapter.19}{\376\377\004\037\004\100\004\076\004\107\004\075\004\113\004\065\000\040\004\072\004\076\004\075\004\101\004\102\004\100\004\103\004\072\004\106\004\070\004\070}{}% 19
\BOOKMARK [0][-]{chapter.20}{\376\377\004\037\004\100\004\060\004\062\004\070\004\073\004\076\000\040\004\074\004\076\004\074\004\065\004\075\004\102\004\076\004\062}{}% 20
\BOOKMARK [0][-]{chapter.21}{\376\377\004\040\004\060\004\061\004\076\004\102\004\060\000\040\004\101\004\076\000\040\004\101\004\102\004\060\004\075\004\064\004\060\004\100\004\102\004\075\004\113\004\074\004\070\000\040\004\076\004\061\004\112\004\065\004\072\004\102\004\060\004\074\004\070}{}% 21
\BOOKMARK [0][-]{chapter.22}{\376\377\004\050\004\060\004\063\004\060\004\116\004\111\004\070\004\071\000\040\004\100\004\076\004\061\004\076\004\102}{}% 22
\BOOKMARK [0][-]{chapter.23}{\376\377\004\042\004\065\004\105\004\075\004\070\004\107\004\065\004\101\004\072\004\060\004\117\000\040\004\064\004\076\004\072\004\103\004\074\004\065\004\075\004\102\004\060\004\106\004\070\004\117}{}% 23
\BOOKMARK [0][-]{chapter.24}{\376\377\004\046\004\065\004\073\004\070\000\040\004\070\000\040\004\067\004\060\004\064\004\060\004\107\004\070\000\040\004\077\004\100\004\076\004\065\004\072\004\102\004\060}{}% 24
\BOOKMARK [0][-]{chapter.25}{\376\377\004\040\004\060\004\061\004\076\004\102\004\060\000\040\004\101\000\040\004\070\004\075\004\104\004\076\004\100\004\074\004\060\004\106\004\070\004\065\004\071}{}% 25
\BOOKMARK [0][-]{chapter.26}{\376\377\004\034\004\065\004\102\004\076\004\064\004\113\000\040\004\077\004\076\004\070\004\101\004\072\004\060\000\040\004\070\004\075\004\104\004\076\004\100\004\074\004\060\004\106\004\070\004\070}{}% 26
\BOOKMARK [0][-]{chapter.27}{\376\377\000\253\004\030\004\075\004\066\004\065\004\075\004\065\004\100\004\113\000\273}{}% 27
\BOOKMARK [0][-]{chapter.28}{\376\377\004\037\004\100\004\076\004\063\004\100\004\060\004\074\004\074\004\060\000\040\004\064\004\073\004\117\000\040\004\100\004\076\004\061\004\076\004\102\004\060\000\040\004\070\000\040\004\065\004\065\000\040\004\073\004\076\004\063\004\070\004\072\004\060}{}% 28
\BOOKMARK [0][-]{chapter.29}{\376\377\004\044\004\070\004\075\004\060\004\073\004\114\004\075\004\060\004\117\000\040\004\067\004\060\004\111\004\070\004\102\004\060\000\040\004\077\004\100\004\076\004\065\004\072\004\102\004\076\004\062}{}% 29
\BOOKMARK [0][-]{chapter.30}{\376\377\004\036\004\061\004\067\004\076\004\100\000\040\004\101\004\076\004\100\004\065\004\062\004\075\004\076\004\062\004\060\004\102\004\065\004\073\004\114\004\075\004\113\004\105\000\040\004\064\004\070\004\101\004\106\004\070\004\077\004\073\004\070\004\075}{}% 30
